<?xml version="1.0" encoding="UTF-8"?>
<!-- Generated by org.testng.reporters.JUnitXMLReporter -->
<testsuite ignored="0" hostname="DESKTOP-QJAL9J9" failures="1" tests="9" name="Test" time="65.628" errors="0" timestamp="2022-10-03T17:56:27 IST">
  <testcase classname="com.simplilearn.testing.FacebookLogin" name="facebook" time="2.806"/>
  <testcase classname="com.simplilearn.testing.FirstDemo" name="Test1" time="0.049"/>
  <testcase classname="com.simplilearn.testing.FirstDemo" name="Test2" time="0.005"/>
  <testcase classname="com.simplilearn.testing.Assertion" name="TitleTest" time="2.53"/>
  <testcase classname="com.simplilearn.testing.Assertion" name="TitleTestFacebook" time="2.891"/>
  <testcase classname="com.simplilearn.testing.GroupTest" name="launchChrome" time="12.365"/>
  <testcase classname="com.simplilearn.testing.GroupTest" name="launchFireFox" time="28.375"/>
  <testcase classname="com.simplilearn.testing.GroupTest" name="loginWithChrome" time="0.675"/>
  <testcase classname="com.simplilearn.testing.GroupTest" name="loginWithFireFox" time="0.712">
    <failure type="org.openqa.selenium.ElementNotInteractableException" message="Element &amp;lt;input id=&amp;quot;pass&amp;quot; class=&amp;quot;inputtext _55r1 _6luy _9npi&amp;quot; name=&amp;quot;pass&amp;quot; type=&amp;quot;password&amp;quot;&amp;gt; is not reachable by keyboard
Build info: version: &amp;apos;4.4.0&amp;apos;, revision: &amp;apos;e5c75ed026a&amp;apos;
System info: host: &amp;apos;DESKTOP-QJAL9J9&amp;apos;, ip: &amp;apos;192.168.0.106&amp;apos;, os.name: &amp;apos;Windows 11&amp;apos;, os.arch: &amp;apos;amd64&amp;apos;, os.version: &amp;apos;10.0&amp;apos;, java.version: &amp;apos;11.0.15&amp;apos;
Driver info: org.openqa.selenium.firefox.FirefoxDriver
Command: [65ca646d-1b79-4000-ac4e-a60b0fc7061c, sendKeysToElement {id=9dab4621-4e81-445a-a985-5deaa414ce42, value=[Ljava.lang.CharSequence;@36061cf3}]
Capabilities {acceptInsecureCerts: true, browserName: firefox, browserVersion: 105.0.1, moz:accessibilityChecks: false, moz:buildID: 20220922151854, moz:debuggerAddress: 127.0.0.1:63846, moz:geckodriverVersion: 0.31.0, moz:headless: false, moz:platformVersion: 10.0, moz:processID: 20464, moz:profile: C:\Users\kavi\AppData\Local..., moz:shutdownTimeout: 60000, moz:useNonSpecCompliantPointerOrigin: false, moz:webdriverClick: true, moz:windowless: false, pageLoadStrategy: normal, platformName: WINDOWS, proxy: Proxy(), se:cdp: ws://127.0.0.1:63846/devtoo..., se:cdpVersion: 85.0, setWindowRect: true, strictFileInteractability: false, timeouts: {implicit: 0, pageLoad: 300000, script: 30000}, unhandledPromptBehavior: dismiss and notify}
Element: [[FirefoxDriver: firefox on WINDOWS (65ca646d-1b79-4000-ac4e-a60b0fc7061c)] -&amp;gt; id: pass]
Session ID: 65ca646d-1b79-4000-ac4e-a60b0fc7061c">
      <![CDATA[org.openqa.selenium.ElementNotInteractableException: Element <input id="pass" class="inputtext _55r1 _6luy _9npi" name="pass" type="password"> is not reachable by keyboard
Build info: version: '4.4.0', revision: 'e5c75ed026a'
System info: host: 'DESKTOP-QJAL9J9', ip: '192.168.0.106', os.name: 'Windows 11', os.arch: 'amd64', os.version: '10.0', java.version: '11.0.15'
Driver info: org.openqa.selenium.firefox.FirefoxDriver
Command: [65ca646d-1b79-4000-ac4e-a60b0fc7061c, sendKeysToElement {id=9dab4621-4e81-445a-a985-5deaa414ce42, value=[Ljava.lang.CharSequence;@36061cf3}]
Capabilities {acceptInsecureCerts: true, browserName: firefox, browserVersion: 105.0.1, moz:accessibilityChecks: false, moz:buildID: 20220922151854, moz:debuggerAddress: 127.0.0.1:63846, moz:geckodriverVersion: 0.31.0, moz:headless: false, moz:platformVersion: 10.0, moz:processID: 20464, moz:profile: C:\Users\kavi\AppData\Local..., moz:shutdownTimeout: 60000, moz:useNonSpecCompliantPointerOrigin: false, moz:webdriverClick: true, moz:windowless: false, pageLoadStrategy: normal, platformName: WINDOWS, proxy: Proxy(), se:cdp: ws://127.0.0.1:63846/devtoo..., se:cdpVersion: 85.0, setWindowRect: true, strictFileInteractability: false, timeouts: {implicit: 0, pageLoad: 300000, script: 30000}, unhandledPromptBehavior: dismiss and notify}
Element: [[FirefoxDriver: firefox on WINDOWS (65ca646d-1b79-4000-ac4e-a60b0fc7061c)] -> id: pass]
Session ID: 65ca646d-1b79-4000-ac4e-a60b0fc7061c
at org.openqa.selenium.remote.codec.w3c.W3CHttpResponseCodec.createException(W3CHttpResponseCodec.java:200)
at org.openqa.selenium.remote.codec.w3c.W3CHttpResponseCodec.decode(W3CHttpResponseCodec.java:133)
at org.openqa.selenium.remote.codec.w3c.W3CHttpResponseCodec.decode(W3CHttpResponseCodec.java:53)
at org.openqa.selenium.remote.HttpCommandExecutor.execute(HttpCommandExecutor.java:184)
at org.openqa.selenium.remote.service.DriverCommandExecutor.invokeExecute(DriverCommandExecutor.java:167)
at org.openqa.selenium.remote.service.DriverCommandExecutor.execute(DriverCommandExecutor.java:142)
at org.openqa.selenium.remote.RemoteWebDriver.execute(RemoteWebDriver.java:547)
at org.openqa.selenium.remote.RemoteWebElement.execute(RemoteWebElement.java:257)
at org.openqa.selenium.remote.RemoteWebElement.sendKeys(RemoteWebElement.java:113)
at com.simplilearn.testing.GroupTest.loginWithFireFox(GroupTest.java:52)
at java.base/java.util.ArrayList.forEach(ArrayList.java:1541)
... Removed 31 stack frames]]>
    </failure>
  </testcase> <!-- loginWithFireFox -->
</testsuite> <!-- Test -->
