<?xml version="1.0" encoding="UTF-8"?>
<testng-results ignored="0" total="1" passed="1" failed="0" skipped="0">
  <reporter-output>
  </reporter-output>
  <suite started-at="2022-10-04T08:26:08 IST" name="Suite" finished-at="2022-10-04T08:26:16 IST" duration-ms="7409">
    <groups>
    </groups>
    <test started-at="2022-10-04T08:26:08 IST" name="Test" finished-at="2022-10-04T08:26:16 IST" duration-ms="7409">
      <class name="com.simplilearn.testing.FacebookLogin">
        <test-method is-config="true" signature="beforeMethod()[pri:0, instance:com.simplilearn.testing.FacebookLogin@d771cc9]" started-at="2022-10-04T08:26:09 IST" name="beforeMethod" finished-at="2022-10-04T08:26:13 IST" duration-ms="4173" status="PASS">
          <reporter-output>
          </reporter-output>
        </test-method> <!-- beforeMethod -->
        <test-method signature="facebook()[pri:0, instance:com.simplilearn.testing.FacebookLogin@d771cc9]" started-at="2022-10-04T08:26:13 IST" name="facebook" finished-at="2022-10-04T08:26:16 IST" duration-ms="3165" status="PASS">
          <reporter-output>
          </reporter-output>
        </test-method> <!-- facebook -->
        <test-method is-config="true" signature="afterMethod()[pri:0, instance:com.simplilearn.testing.FacebookLogin@d771cc9]" started-at="2022-10-04T08:26:16 IST" name="afterMethod" finished-at="2022-10-04T08:26:16 IST" duration-ms="1" status="PASS">
          <reporter-output>
          </reporter-output>
        </test-method> <!-- afterMethod -->
      </class> <!-- com.simplilearn.testing.FacebookLogin -->
    </test> <!-- Test -->
  </suite> <!-- Suite -->
</testng-results>
