<?xml version="1.0" encoding="UTF-8"?>
<testng-results ignored="0" total="1" passed="1" failed="0" skipped="0">
  <reporter-output>
  </reporter-output>
  <suite started-at="2022-10-11T09:31:03 IST" name="Default suite" finished-at="2022-10-11T09:31:45 IST" duration-ms="42489">
    <groups>
    </groups>
    <test started-at="2022-10-11T09:31:03 IST" name="Default test" finished-at="2022-10-11T09:31:45 IST" duration-ms="42489">
      <class name="com.simplilearn.testng.Flipkart">
        <test-method is-config="true" signature="beforeMethod()[pri:0, instance:com.simplilearn.testng.Flipkart@1750fbeb]" started-at="2022-10-11T09:31:03 IST" name="beforeMethod" finished-at="2022-10-11T09:31:08 IST" duration-ms="5320" status="PASS">
          <reporter-output>
          </reporter-output>
        </test-method> <!-- beforeMethod -->
        <test-method signature="flipkart()[pri:0, instance:com.simplilearn.testng.Flipkart@1750fbeb]" started-at="2022-10-11T09:31:08 IST" name="flipkart" finished-at="2022-10-11T09:31:45 IST" duration-ms="37076" status="PASS">
          <reporter-output>
          </reporter-output>
        </test-method> <!-- flipkart -->
        <test-method is-config="true" signature="afterMethod()[pri:0, instance:com.simplilearn.testng.Flipkart@1750fbeb]" started-at="2022-10-11T09:31:45 IST" name="afterMethod" finished-at="2022-10-11T09:31:45 IST" duration-ms="1" status="PASS">
          <reporter-output>
          </reporter-output>
        </test-method> <!-- afterMethod -->
      </class> <!-- com.simplilearn.testng.Flipkart -->
    </test> <!-- Default test -->
  </suite> <!-- Default suite -->
</testng-results>
